.\Debug\OpenGLApplication.ilk
.\Debug\OpenGLApplication.pdb
C:\FACULTATE\AN3\AN 3 CALCULATOARE\SEMETRUL I\SPG (SISTEME DE PRELUCRARE GRAFICA)\PROIECT-GRAFICA\ROMAN_ROXANA\ROMAN_ROXANA_30432_APP\DEBUG\GLM.OBJ
C:\FACULTATE\AN3\AN 3 CALCULATOARE\SEMETRUL I\SPG (SISTEME DE PRELUCRARE GRAFICA)\PROIECT-GRAFICA\ROMAN_ROXANA\ROMAN_ROXANA_30432_APP\DEBUG\OPENGLAPPLICATION.EXE
C:\FACULTATE\AN3\AN 3 CALCULATOARE\SEMETRUL I\SPG (SISTEME DE PRELUCRARE GRAFICA)\PROIECT-GRAFICA\ROMAN_ROXANA\ROMAN_ROXANA_30432_APP\DEBUG\OPENGLAPPLICATION.EXE.EMBED.MANIFEST
C:\FACULTATE\AN3\AN 3 CALCULATOARE\SEMETRUL I\SPG (SISTEME DE PRELUCRARE GRAFICA)\PROIECT-GRAFICA\ROMAN_ROXANA\ROMAN_ROXANA_30432_APP\DEBUG\OPENGLAPPLICATION.EXE.EMBED.MANIFEST.RES
C:\FACULTATE\AN3\AN 3 CALCULATOARE\SEMETRUL I\SPG (SISTEME DE PRELUCRARE GRAFICA)\PROIECT-GRAFICA\ROMAN_ROXANA\ROMAN_ROXANA_30432_APP\DEBUG\OPENGLAPPLICATION.EXE.INTERMEDIATE.MANIFEST
C:\FACULTATE\AN3\AN 3 CALCULATOARE\SEMETRUL I\SPG (SISTEME DE PRELUCRARE GRAFICA)\PROIECT-GRAFICA\ROMAN_ROXANA\ROMAN_ROXANA_30432_APP\DEBUG\OPENGLAPPLICATION.ILK
C:\FACULTATE\AN3\AN 3 CALCULATOARE\SEMETRUL I\SPG (SISTEME DE PRELUCRARE GRAFICA)\PROIECT-GRAFICA\ROMAN_ROXANA\ROMAN_ROXANA_30432_APP\DEBUG\OPENGLAPPLICATION.OBJ
C:\FACULTATE\AN3\AN 3 CALCULATOARE\SEMETRUL I\SPG (SISTEME DE PRELUCRARE GRAFICA)\PROIECT-GRAFICA\ROMAN_ROXANA\ROMAN_ROXANA_30432_APP\DEBUG\OPENGLAPPLICATION.PCH
C:\FACULTATE\AN3\AN 3 CALCULATOARE\SEMETRUL I\SPG (SISTEME DE PRELUCRARE GRAFICA)\PROIECT-GRAFICA\ROMAN_ROXANA\ROMAN_ROXANA_30432_APP\DEBUG\OPENGLAPPLICATION.PDB
C:\FACULTATE\AN3\AN 3 CALCULATOARE\SEMETRUL I\SPG (SISTEME DE PRELUCRARE GRAFICA)\PROIECT-GRAFICA\ROMAN_ROXANA\ROMAN_ROXANA_30432_APP\DEBUG\OPENGLAPPLICATION.RES
C:\FACULTATE\AN3\AN 3 CALCULATOARE\SEMETRUL I\SPG (SISTEME DE PRELUCRARE GRAFICA)\PROIECT-GRAFICA\ROMAN_ROXANA\ROMAN_ROXANA_30432_APP\DEBUG\STDAFX.OBJ
C:\FACULTATE\AN3\AN 3 CALCULATOARE\SEMETRUL I\SPG (SISTEME DE PRELUCRARE GRAFICA)\PROIECT-GRAFICA\ROMAN_ROXANA\ROMAN_ROXANA_30432_APP\DEBUG\TGA.OBJ
C:\FACULTATE\AN3\AN 3 CALCULATOARE\SEMETRUL I\SPG (SISTEME DE PRELUCRARE GRAFICA)\PROIECT-GRAFICA\ROMAN_ROXANA\ROMAN_ROXANA_30432_APP\DEBUG\VC100.PDB
C:\Users\rroxa_000\Desktop\Roman_Roxana (1)\Roman_Roxana\Roman_Roxana_30432_APP\.\Debug\OpenGLApplication.exe
C:\Users\rroxa_000\Desktop\Roman_Roxana (1)\Roman_Roxana\Roman_Roxana_30432_APP\.\Debug\OpenGLApplication.exe.intermediate.manifest
C:\Users\rroxa_000\Desktop\Roman_Roxana (1)\Roman_Roxana\Roman_Roxana_30432_APP\Debug\cl.command.1.tlog
C:\Users\rroxa_000\Desktop\Roman_Roxana (1)\Roman_Roxana\Roman_Roxana_30432_APP\Debug\CL.read.1.tlog
C:\Users\rroxa_000\Desktop\Roman_Roxana (1)\Roman_Roxana\Roman_Roxana_30432_APP\Debug\CL.write.1.tlog
C:\USERS\RROXA_000\DESKTOP\ROMAN_ROXANA (1)\ROMAN_ROXANA\ROMAN_ROXANA_30432_APP\DEBUG\GLM.OBJ
C:\Users\rroxa_000\Desktop\Roman_Roxana (1)\Roman_Roxana\Roman_Roxana_30432_APP\Debug\link.6572.read.1.tlog
C:\Users\rroxa_000\Desktop\Roman_Roxana (1)\Roman_Roxana\Roman_Roxana_30432_APP\Debug\link.6572.write.1.tlog
C:\Users\rroxa_000\Desktop\Roman_Roxana (1)\Roman_Roxana\Roman_Roxana_30432_APP\Debug\link.6572-cvtres.read.1.tlog
C:\Users\rroxa_000\Desktop\Roman_Roxana (1)\Roman_Roxana\Roman_Roxana_30432_APP\Debug\link.6572-cvtres.write.1.tlog
C:\Users\rroxa_000\Desktop\Roman_Roxana (1)\Roman_Roxana\Roman_Roxana_30432_APP\Debug\link.command.1.tlog
C:\Users\rroxa_000\Desktop\Roman_Roxana (1)\Roman_Roxana\Roman_Roxana_30432_APP\Debug\link.read.1.tlog
C:\Users\rroxa_000\Desktop\Roman_Roxana (1)\Roman_Roxana\Roman_Roxana_30432_APP\Debug\link.write.1.tlog
C:\Users\rroxa_000\Desktop\Roman_Roxana (1)\Roman_Roxana\Roman_Roxana_30432_APP\Debug\link-cvtres.read.1.tlog
C:\Users\rroxa_000\Desktop\Roman_Roxana (1)\Roman_Roxana\Roman_Roxana_30432_APP\Debug\link-cvtres.write.1.tlog
C:\Users\rroxa_000\Desktop\Roman_Roxana (1)\Roman_Roxana\Roman_Roxana_30432_APP\Debug\mt.command.1.tlog
C:\Users\rroxa_000\Desktop\Roman_Roxana (1)\Roman_Roxana\Roman_Roxana_30432_APP\Debug\mt.read.1.tlog
C:\Users\rroxa_000\Desktop\Roman_Roxana (1)\Roman_Roxana\Roman_Roxana_30432_APP\Debug\mt.write.1.tlog
C:\USERS\RROXA_000\DESKTOP\ROMAN_ROXANA (1)\ROMAN_ROXANA\ROMAN_ROXANA_30432_APP\DEBUG\OPENGLAPPLICATION.EXE
C:\USERS\RROXA_000\DESKTOP\ROMAN_ROXANA (1)\ROMAN_ROXANA\ROMAN_ROXANA_30432_APP\DEBUG\OPENGLAPPLICATION.EXE.EMBED.MANIFEST
C:\USERS\RROXA_000\DESKTOP\ROMAN_ROXANA (1)\ROMAN_ROXANA\ROMAN_ROXANA_30432_APP\DEBUG\OPENGLAPPLICATION.EXE.EMBED.MANIFEST.RES
C:\USERS\RROXA_000\DESKTOP\ROMAN_ROXANA (1)\ROMAN_ROXANA\ROMAN_ROXANA_30432_APP\DEBUG\OPENGLAPPLICATION.EXE.INTERMEDIATE.MANIFEST
C:\USERS\RROXA_000\DESKTOP\ROMAN_ROXANA (1)\ROMAN_ROXANA\ROMAN_ROXANA_30432_APP\DEBUG\OPENGLAPPLICATION.ILK
C:\USERS\RROXA_000\DESKTOP\ROMAN_ROXANA (1)\ROMAN_ROXANA\ROMAN_ROXANA_30432_APP\DEBUG\OPENGLAPPLICATION.OBJ
C:\USERS\RROXA_000\DESKTOP\ROMAN_ROXANA (1)\ROMAN_ROXANA\ROMAN_ROXANA_30432_APP\DEBUG\OPENGLAPPLICATION.PCH
C:\USERS\RROXA_000\DESKTOP\ROMAN_ROXANA (1)\ROMAN_ROXANA\ROMAN_ROXANA_30432_APP\DEBUG\OPENGLAPPLICATION.PDB
C:\USERS\RROXA_000\DESKTOP\ROMAN_ROXANA (1)\ROMAN_ROXANA\ROMAN_ROXANA_30432_APP\DEBUG\OPENGLAPPLICATION.RES
C:\Users\rroxa_000\Desktop\Roman_Roxana (1)\Roman_Roxana\Roman_Roxana_30432_APP\Debug\OpenGLApplication.write.1.tlog
C:\Users\rroxa_000\Desktop\Roman_Roxana (1)\Roman_Roxana\Roman_Roxana_30432_APP\Debug\OpenGLApplication_manifest.rc
C:\Users\rroxa_000\Desktop\Roman_Roxana (1)\Roman_Roxana\Roman_Roxana_30432_APP\Debug\rc.command.1.tlog
C:\Users\rroxa_000\Desktop\Roman_Roxana (1)\Roman_Roxana\Roman_Roxana_30432_APP\Debug\rc.read.1.tlog
C:\Users\rroxa_000\Desktop\Roman_Roxana (1)\Roman_Roxana\Roman_Roxana_30432_APP\Debug\rc.write.1.tlog
C:\USERS\RROXA_000\DESKTOP\ROMAN_ROXANA (1)\ROMAN_ROXANA\ROMAN_ROXANA_30432_APP\DEBUG\STDAFX.OBJ
C:\USERS\RROXA_000\DESKTOP\ROMAN_ROXANA (1)\ROMAN_ROXANA\ROMAN_ROXANA_30432_APP\DEBUG\TGA.OBJ
C:\Users\rroxa_000\Desktop\Roman_Roxana (1)\Roman_Roxana\Roman_Roxana_30432_APP\Debug\vc100.idb
C:\USERS\RROXA_000\DESKTOP\ROMAN_ROXANA (1)\ROMAN_ROXANA\ROMAN_ROXANA_30432_APP\DEBUG\VC100.PDB
